<?xml version="1.0" encoding="UTF-8"?>
<!-- Generated by org.testng.reporters.JUnitReportReporter -->
<testsuite skipped="0" hostname="BLRL5CG0287TTQ" name="com.qa.api.gorest.testcases.CreateUserTest" tests="4" failures="0" timestamp="2021-12-08T01:06:47 IST" time="4.063" errors="0">
  <testcase name="createUserAPIPOSTTest" time="0.444" classname="com.qa.api.gorest.testcases.CreateUserTest"/>
  <system-out/>
  <testcase name="createUserAPIPOSTTest" time="0.313" classname="com.qa.api.gorest.testcases.CreateUserTest"/>
  <system-out/>
  <testcase name="createUserAPIPOSTTest" time="3.001" classname="com.qa.api.gorest.testcases.CreateUserTest"/>
  <system-out/>
  <testcase name="createUserAPIPOSTTest" time="0.305" classname="com.qa.api.gorest.testcases.CreateUserTest"/>
  <system-out/>
</testsuite> <!-- com.qa.api.gorest.testcases.CreateUserTest -->
