<?xml version="1.0" encoding="UTF-8"?>
<!-- Generated by org.testng.reporters.JUnitReportReporter -->
<testsuite skipped="0" hostname="BLRL5CG0287TTQ" name="com.qa.api.gorest.util.Token" tests="1" failures="0" timestamp="2021-12-01T09:44:53 IST" time="5.120" errors="0">
  <testcase name="getAccessToken" time="5.120" classname="com.qa.api.gorest.util.Token"/>
  <system-out/>
</testsuite> <!-- com.qa.api.gorest.util.Token -->
