<?xml version="1.0" encoding="UTF-8"?>
<!-- Generated by org.testng.reporters.JUnitReportReporter -->
<testsuite skipped="0" hostname="BLRL5CG0287TTQ" name="com.qa.api.gorest.testcases.GetImgurAPITest" tests="3" failures="0" timestamp="2021-12-08T01:06:47 IST" time="10.763" errors="0">
  <testcase name="uploadImagePostAPITest" time="2.831" classname="com.qa.api.gorest.testcases.GetImgurAPITest"/>
  <system-out/>
  <testcase name="getAccountBlockStatusTest" time="2.254" classname="com.qa.api.gorest.testcases.GetImgurAPITest"/>
  <system-out/>
  <testcase name="getAccountImagesTest" time="5.678" classname="com.qa.api.gorest.testcases.GetImgurAPITest"/>
  <system-out/>
</testsuite> <!-- com.qa.api.gorest.testcases.GetImgurAPITest -->
