<?xml version="1.0" encoding="UTF-8"?>
<!-- Generated by org.testng.reporters.JUnitReportReporter -->
<testsuite skipped="0" hostname="BLRL5CG0287TTQ" name="com.qa.api.gorest.testcases.GetUserTest" tests="2" failures="0" timestamp="2021-12-08T01:06:47 IST" time="4.234" errors="0">
  <testcase name="getAllUserListAPITest" time="3.919" classname="com.qa.api.gorest.testcases.GetUserTest"/>
  <system-out/>
  <testcase name="getUserWithQueryParamsAPITest" time="0.315" classname="com.qa.api.gorest.testcases.GetUserTest"/>
  <system-out/>
</testsuite> <!-- com.qa.api.gorest.testcases.GetUserTest -->
